# JRE version: Java(TM) SE Runtime Environment (8.0_111-b14) (build 1.8.0_111-b14)
# Java VM: Java HotSpot(TM) 64-Bit Server VM (25.111-b14 mixed mode windows-amd64 compressed oops)
Heap:
 PSYoungGen      total 53248K, used 17670K [0x00000000e0400000, 0x00000000e3c00000, 0x0000000100000000)
  eden space 49152K, 35% used [0x00000000e0400000,0x00000000e15418a8,0x00000000e3400000)
  from space 4096K, 0% used [0x00000000e3800000,0x00000000e3800000,0x00000000e3c00000)
  to   space 4096K, 0% used [0x00000000e3400000,0x00000000e3400000,0x00000000e3800000)
 ParOldGen       total 78336K, used 20344K [0x00000000a0c00000, 0x00000000a5880000, 0x00000000e0400000)
  object space 78336K, 25% used [0x00000000a0c00000,0x00000000a1fde298,0x00000000a5880000)
 Metaspace       used 15796K, capacity 16098K, committed 16384K, reserved 1062912K
  class space    used 1896K, capacity 1965K, committed 2048K, reserved 1048576K
GC Heap History (6 events):
Event: 0.497 GC heap before
{Heap before GC invocations=1 (full 0):
 PSYoungGen      total 28672K, used 23623K [0x00000000e0400000, 0x00000000e2400000, 0x0000000100000000)
  eden space 24576K, 96% used [0x00000000e0400000,0x00000000e1b11d00,0x00000000e1c00000)
  from space 4096K, 0% used [0x00000000e2000000,0x00000000e2000000,0x00000000e2400000)
  to   space 4096K, 0% used [0x00000000e1c00000,0x00000000e1c00000,0x00000000e2000000)
 ParOldGen       total 65536K, used 0K [0x00000000a0c00000, 0x00000000a4c00000, 0x00000000e0400000)
  object space 65536K, 0% used [0x00000000a0c00000,0x00000000a0c00000,0x00000000a4c00000)
 Metaspace       used 7848K, capacity 8024K, committed 8192K, reserved 1056768K
  class space    used 914K, capacity 994K, committed 1024K, reserved 1048576K
Event: 0.518 GC heap after
Heap after GC invocations=1 (full 0):
 PSYoungGen      total 28672K, used 3902K [0x00000000e0400000, 0x00000000e3c00000, 0x0000000100000000)
  eden space 24576K, 0% used [0x00000000e0400000,0x00000000e0400000,0x00000000e1c00000)
  from space 4096K, 95% used [0x00000000e1c00000,0x00000000e1fcfa10,0x00000000e2000000)
  to   space 4096K, 0% used [0x00000000e3800000,0x00000000e3800000,0x00000000e3c00000)
 ParOldGen       total 65536K, used 24624K [0x00000000a0c00000, 0x00000000a4c00000, 0x00000000e0400000)
  object space 65536K, 37% used [0x00000000a0c00000,0x00000000a240c1d0,0x00000000a4c00000)
 Metaspace       used 7848K, capacity 8024K, committed 8192K, reserved 1056768K
  class space    used 914K, capacity 994K, committed 1024K, reserved 1048576K
}
Event: 1.208 GC heap before
{Heap before GC invocations=2 (full 0):
 PSYoungGen      total 28672K, used 28474K [0x00000000e0400000, 0x00000000e3c00000, 0x0000000100000000)
  eden space 24576K, 99% used [0x00000000e0400000,0x00000000e1bfee48,0x00000000e1c00000)
  from space 4096K, 95% used [0x00000000e1c00000,0x00000000e1fcfa10,0x00000000e2000000)
  to   space 4096K, 0% used [0x00000000e3800000,0x00000000e3800000,0x00000000e3c00000)
 ParOldGen       total 65536K, used 24624K [0x00000000a0c00000, 0x00000000a4c00000, 0x00000000e0400000)
  object space 65536K, 37% used [0x00000000a0c00000,0x00000000a240c1d0,0x00000000a4c00000)
 Metaspace       used 10690K, capacity 10940K, committed 11136K, reserved 1058816K
  class space    used 1300K, capacity 1384K, committed 1408K, reserved 1048576K
Event: 1.231 GC heap after
Heap after GC invocations=2 (full 0):
 PSYoungGen      total 53248K, used 4067K [0x00000000e0400000, 0x00000000e3c00000, 0x0000000100000000)
  eden space 49152K, 0% used [0x00000000e0400000,0x00000000e0400000,0x00000000e3400000)
  from space 4096K, 99% used [0x00000000e3800000,0x00000000e3bf8f88,0x00000000e3c00000)
  to   space 4096K, 0% used [0x00000000e3400000,0x00000000e3400000,0x00000000e3800000)
 ParOldGen       total 65536K, used 49888K [0x00000000a0c00000, 0x00000000a4c00000, 0x00000000e0400000)
  object space 65536K, 76% used [0x00000000a0c00000,0x00000000a3cb8088,0x00000000a4c00000)
 Metaspace       used 10690K, capacity 10940K, committed 11136K, reserved 1058816K
  class space    used 1300K, capacity 1384K, committed 1408K, reserved 1048576K
}
Event: 1.231 GC heap before
{Heap before GC invocations=3 (full 1):
 PSYoungGen      total 53248K, used 4067K [0x00000000e0400000, 0x00000000e3c00000, 0x0000000100000000)
  eden space 49152K, 0% used [0x00000000e0400000,0x00000000e0400000,0x00000000e3400000)
  from space 4096K, 99% used [0x00000000e3800000,0x00000000e3bf8f88,0x00000000e3c00000)
  to   space 4096K, 0% used [0x00000000e3400000,0x00000000e3400000,0x00000000e3800000)
 ParOldGen       total 65536K, used 49888K [0x00000000a0c00000, 0x00000000a4c00000, 0x00000000e0400000)
  object space 65536K, 76% used [0x00000000a0c00000,0x00000000a3cb8088,0x00000000a4c00000)
 Metaspace       used 10690K, capacity 10940K, committed 11136K, reserved 1058816K
  class space    used 1300K, capacity 1384K, committed 1408K, reserved 1048576K
Event: 1.251 GC heap after
Heap after GC invocations=3 (full 1):
 PSYoungGen      total 53248K, used 0K [0x00000000e0400000, 0x00000000e3c00000, 0x0000000100000000)
  eden space 49152K, 0% used [0x00000000e0400000,0x00000000e0400000,0x00000000e3400000)
  from space 4096K, 0% used [0x00000000e3800000,0x00000000e3800000,0x00000000e3c00000)
  to   space 4096K, 0% used [0x00000000e3400000,0x00000000e3400000,0x00000000e3800000)
 ParOldGen       total 78336K, used 20344K [0x00000000a0c00000, 0x00000000a5880000, 0x00000000e0400000)
  object space 78336K, 25% used [0x00000000a0c00000,0x00000000a1fde298,0x00000000a5880000)
 Metaspace       used 10690K, capacity 10940K, committed 11136K, reserved 1058816K
  class space    used 1300K, capacity 1384K, committed 1408K, reserved 1048576K
}

